info it worked if it ends with ok
verbose cli [ 'node', '/usr/local/bin/npm', 'install', 'phantomjs' ]
info using npm@1.1.0-3
info using node@v0.6.9
verbose config file /Users/VedTopkar/.npmrc
verbose config file /usr/local/etc/npmrc
verbose config file /usr/local/lib/node_modules/npm/npmrc
verbose caching /Users/VedTopkar/Documents/code/inspirio/package.json
verbose loadDefaults application-name@0.0.1
verbose caching /Users/VedTopkar/Documents/code/inspirio/node_modules/common/package.json
verbose loadDefaults common@0.2.1
verbose caching /Users/VedTopkar/Documents/code/inspirio/node_modules/connect/package.json
verbose loadDefaults connect@1.8.5
verbose caching /Users/VedTopkar/Documents/code/inspirio/node_modules/everyauth/package.json
verbose loadDefaults everyauth@0.2.30
verbose caching /Users/VedTopkar/Documents/code/inspirio/node_modules/express/package.json
verbose loadDefaults express@2.5.8
verbose caching /Users/VedTopkar/Documents/code/inspirio/node_modules/formidable/package.json
verbose loadDefaults formidable@1.0.9
verbose caching /Users/VedTopkar/Documents/code/inspirio/node_modules/hooks/package.json
verbose loadDefaults hooks@0.1.9
verbose caching /Users/VedTopkar/Documents/code/inspirio/node_modules/jade/package.json
verbose loadDefaults jade@0.20.3
verbose caching /Users/VedTopkar/Documents/code/inspirio/node_modules/mime/package.json
verbose loadDefaults mime@1.2.5
verbose caching /Users/VedTopkar/Documents/code/inspirio/node_modules/mongojs/package.json
verbose loadDefaults mongojs@0.3.1
verbose caching /Users/VedTopkar/Documents/code/inspirio/node_modules/mongoose/package.json
verbose loadDefaults mongoose@2.5.7
verbose caching /Users/VedTopkar/Documents/code/inspirio/node_modules/mkdirp/package.json
verbose loadDefaults mkdirp@0.3.0
verbose caching /Users/VedTopkar/Documents/code/inspirio/node_modules/qs/package.json
verbose loadDefaults qs@0.4.2
verbose caching /Users/VedTopkar/Documents/code/inspirio/node_modules/commander/package.json
verbose loadDefaults commander@0.5.2
verbose caching /Users/VedTopkar/Documents/code/inspirio/node_modules/nodemon/package.json
verbose loadDefaults nodemon@0.6.9
verbose caching /Users/VedTopkar/Documents/code/inspirio/node_modules/mongo/package.json
verbose loadDefaults mongo@0.1.0
verbose from cache /Users/VedTopkar/Documents/code/inspirio/package.json
verbose cache add [ 'phantomjs', null ]
silly cache add: name, spec, args [ undefined, 'phantomjs', [ 'phantomjs', null ] ]
verbose parsed url { pathname: 'phantomjs', path: 'phantomjs', href: 'phantomjs' }
verbose addNamed [ 'phantomjs', '' ]
verbose addNamed [ null, '' ]
silly name, range, hasData [ 'phantomjs', '', false ]
verbose raw, before any munging phantomjs
verbose url resolving [ 'https://registry.npmjs.org/', './phantomjs' ]
verbose url resolved https://registry.npmjs.org/phantomjs
http GET https://registry.npmjs.org/phantomjs
http 404 https://registry.npmjs.org/phantomjs
silly get cb [ 404,
silly get cb   { server: 'CouchDB/1.1.0 (Erlang OTP/R14B04)',
silly get cb     date: 'Sat, 25 Feb 2012 20:23:09 GMT',
silly get cb     'content-type': 'application/json',
silly get cb     'content-length': '52',
silly get cb     'cache-control': 'must-revalidate' } ]
ERR! 404 'phantomjs' is not in the npm registry.
ERR! 404 You should bug the author to publish it
ERR! 404 Note that you can also install from a
ERR! 404 tarball, folder, or http url, or git url.
ERR! 
ERR! System Darwin 11.3.0
ERR! command "node" "/usr/local/bin/npm" "install" "phantomjs"
ERR! cwd /Users/VedTopkar/Documents/code/inspirio
ERR! node -v v0.6.9
ERR! npm -v 1.1.0-3
ERR! code E404
ERR! message 404 Not Found: phantomjs
ERR! errno {}
verbose exit [ 1, true ]
